<?xml version="1.0" encoding="UTF-8"?>
<testsuite xmlns:xsi="http://www.w3.org/2001/XMLSchema-instance" xsi:noNamespaceSchemaLocation="https://maven.apache.org/surefire/maven-surefire-plugin/xsd/surefire-test-report.xsd" name="com.rajdhakal.cucumberOptions.TestRunner" time="6.463" tests="2" errors="0" skipped="0" failures="0">
  <properties>
[...]
</properties>
  <testcase name="Verify if place is being Successfully added using AddPlaceAPI" classname="Validating Place API&apos;s" time="4.261"/>
  <testcase name="Verify if Delete Place functionality is working" classname="Validating Place API&apos;s" time="1.793"/>
</testsuite>